<?xml version="1.0" encoding="UTF-8"?>
<!-- Generated by org.testng.reporters.JUnitReportReporter -->
<testsuite hostname="DESKTOP-04L8NQ5" failures="0" tests="1" name="mphasis.FirstCry.testSteps.TestRunner" time="51.322" errors="0" timestamp="2024-01-22T16:29:09 IST" skipped="0">
  <testcase classname="mphasis.FirstCry.testSteps.TestRunner" name="runScenario" time="51.322"/>
</testsuite> <!-- mphasis.FirstCry.testSteps.TestRunner -->
